<?xml version="1.0" encoding="UTF-8"?>
<!-- Generated by org.testng.reporters.JUnitReportReporter -->
<testsuite hostname="DESKTOP-VHNOM0H" failures="0" tests="1" name="testPackage.TestActiTimeInvalidLogin" time="59.129" errors="0" timestamp="2022-09-29T20:42:24 IST" skipped="0">
  <testcase classname="testPackage.TestActiTimeInvalidLogin" name="invalidLoginTest" time="59.129"/>
  <system-out/>
</testsuite> <!-- testPackage.TestActiTimeInvalidLogin -->
